<?xml version="1.0" encoding="UTF-8"?>
<!-- Generated by org.testng.reporters.JUnitReportReporter -->
<testsuite hostname="LAPTOP-ED9F7FOL" failures="0" tests="1" name="ExtentReport.LoginFunctionWithCurrentCredential" time="15.614" errors="0" timestamp="2024-07-30T14:25:38 IST" skipped="0">
  <testcase classname="ExtentReport.LoginFunctionWithCurrentCredential" name="CorrectCredential" time="15.614"/>
</testsuite> <!-- ExtentReport.LoginFunctionWithCurrentCredential -->
