<?xml version="1.0" encoding="UTF-8"?>
<!-- Generated by org.testng.reporters.JUnitReportReporter -->
<testsuite hostname="LAPTOP-ED9F7FOL" failures="0" tests="2" name="ExtentReport.CreatingDependencies" time="9.104" errors="0" timestamp="2024-07-29T12:12:39 IST" skipped="0">
  <testcase classname="ExtentReport.CreatingDependencies" name="deleteAccount" time="4.389">
    <system-out>
      <![CDATA[Account is deleted.......]]>
    </system-out>
  </testcase> <!-- deleteAccount -->
  <testcase classname="ExtentReport.CreatingDependencies" name="createAccount" time="4.715">
    <system-out>
      <![CDATA[Account is created.......]]>
    </system-out>
  </testcase> <!-- createAccount -->
  <system-out>
    <![CDATA[Account is created.......
Account is deleted.......]]>
  </system-out>
</testsuite> <!-- ExtentReport.CreatingDependencies -->
