<?xml version="1.0" encoding="UTF-8"?>
<!-- Generated by org.testng.reporters.JUnitReportReporter -->
<testsuite hostname="LAPTOP-ED9F7FOL" failures="0" tests="1" name="ChronologicalAnn.Annotation" time="0.012" errors="0" timestamp="2024-07-12T10:52:00 IST" skipped="0">
  <testcase classname="ChronologicalAnn.Annotation" name="testCase" time="0.012"/>
</testsuite> <!-- ChronologicalAnn.Annotation -->
