<?xml version="1.0" encoding="UTF-8"?>
<!-- Generated by org.testng.reporters.JUnitReportReporter -->
<testsuite hostname="LAPTOP-ED9F7FOL" failures="0" tests="2" name="DataProvider.StoreData1" time="12.961" errors="0" timestamp="2024-07-15T11:18:35 IST" skipped="0">
  <testcase classname="DataProvider.StoreData1" name="receiver" time="6.594"/>
  <testcase classname="DataProvider.StoreData1" name="receiver" time="6.367"/>
</testsuite> <!-- DataProvider.StoreData1 -->
