<?xml version="1.0" encoding="UTF-8"?>
<!-- Generated by org.testng.reporters.JUnitReportReporter -->
<testsuite hostname="LAPTOP-ED9F7FOL" failures="0" tests="1" name="Assertion.HardAssert1" time="8.720" errors="0" timestamp="2024-07-16T11:35:43 IST" skipped="0">
  <testcase classname="Assertion.HardAssert1" name="main" time="8.720"/>
</testsuite> <!-- Assertion.HardAssert1 -->
