<?xml version="1.0" encoding="UTF-8"?>
<!-- Generated by org.testng.reporters.JUnitReportReporter -->
<testsuite hostname="LAPTOP-ED9F7FOL" failures="0" tests="1" name="TASSKKK.CreateOrganizationTest" time="0.015" errors="0" timestamp="2024-07-20T12:06:58 IST" skipped="0">
  <testcase classname="TASSKKK.CreateOrganizationTest" name="testCreateOrganization" time="0.015">
    <system-out>
      <![CDATA[Checking if home page is displayed
Navigating to organization
Navigating to create new organization page
Checking if create new organization page is displayed
Creating organization with name: sriram laptops
Checking if organization is created with name: sriram laptops
Logging out]]>
    </system-out>
  </testcase> <!-- testCreateOrganization -->
  <system-out>
    <![CDATA[Checking if home page is displayed
Navigating to organization
Navigating to create new organization page
Checking if create new organization page is displayed
Creating organization with name: sriram laptops
Checking if organization is created with name: sriram laptops
Logging out]]>
  </system-out>
</testsuite> <!-- TASSKKK.CreateOrganizationTest -->
