<?xml version="1.0" encoding="UTF-8"?>
<!-- Generated by org.testng.reporters.JUnitReportReporter -->
<testsuite hostname="LAPTOP-ED9F7FOL" failures="0" tests="1" name="Listners1.NetworkFailure" time="5.162" errors="0" timestamp="2024-07-20T11:22:03 IST" skipped="0">
  <testcase classname="Listners1.NetworkFailure" name="executeOneMoreTime" time="5.162"/>
</testsuite> <!-- Listners1.NetworkFailure -->
