<?xml version="1.0" encoding="UTF-8"?>
<!-- Generated by org.testng.reporters.JUnitReportReporter -->
<testsuite hostname="LAPTOP-ED9F7FOL" failures="0" tests="1" name="ExtentReport.SampleReport" time="0.598" errors="0" timestamp="2024-07-29T11:35:49 IST" skipped="0">
  <testcase classname="ExtentReport.SampleReport" name="Basicreport" time="0.598"/>
</testsuite> <!-- ExtentReport.SampleReport -->
