<?xml version="1.0" encoding="UTF-8"?>
<!-- Generated by org.testng.reporters.JUnitReportReporter -->
<testsuite hostname="LAPTOP-ED9F7FOL" failures="0" tests="2" name="DataProvider.RD_SD_UsingFor" time="15.313" errors="0" timestamp="2024-07-15T12:06:37 IST" skipped="0">
  <testcase classname="DataProvider.RD_SD_UsingFor" name="receiver" time="8.031"/>
  <testcase classname="DataProvider.RD_SD_UsingFor" name="receiver" time="7.282"/>
</testsuite> <!-- DataProvider.RD_SD_UsingFor -->
