<?xml version="1.0" encoding="UTF-8"?>
<!-- Generated by org.testng.reporters.JUnitReportReporter -->
<testsuite hostname="LAPTOP-ED9F7FOL" failures="0" tests="1" name="Assertion.HardAssert_Equal" time="14.632" errors="0" timestamp="2024-07-16T20:32:30 IST" skipped="0">
  <testcase classname="Assertion.HardAssert_Equal" name="main" time="14.632">
    <system-out>
      <![CDATA[I AM In dws
I am in instagram]]>
    </system-out>
  </testcase> <!-- main -->
  <system-out>
    <![CDATA[I AM In dws
I am in instagram]]>
  </system-out>
</testsuite> <!-- Assertion.HardAssert_Equal -->
