<?xml version="1.0" encoding="UTF-8"?>
<!-- Generated by org.testng.reporters.JUnitReportReporter -->
<testsuite hostname="LAPTOP-ED9F7FOL" failures="0" tests="1" name="ProjectObjectModel.LoginFunction" time="8.749" errors="0" timestamp="2024-07-17T12:23:23 IST" skipped="0">
  <testcase classname="ProjectObjectModel.LoginFunction" name="main" time="8.749"/>
</testsuite> <!-- ProjectObjectModel.LoginFunction -->
