<?xml version="1.0" encoding="UTF-8"?>
<!-- Generated by org.testng.reporters.JUnitReportReporter -->
<testsuite hostname="LAPTOP-ED9F7FOL" failures="0" tests="1" name="TestNg1.RoyalEnfield" time="13.251" errors="0" timestamp="2024-07-20T11:57:45 IST" skipped="0">
  <testcase classname="TestNg1.RoyalEnfield" name="bike" time="13.251">
    <system-out>
      <![CDATA[bike
onTestSuccess]]>
    </system-out>
  </testcase> <!-- bike -->
  <system-out>
    <![CDATA[onStart
bike
onTestSuccess
bike
onTestSuccess
bike
onTestSuccess]]>
  </system-out>
</testsuite> <!-- TestNg1.RoyalEnfield -->
