<?xml version="1.0" encoding="UTF-8"?>
<!-- Generated by org.testng.reporters.JUnitReportReporter -->
<testsuite hostname="LAPTOP-ED9F7FOL" failures="0" tests="2" name="DataProvider.ReadExcel" time="14.663" errors="0" timestamp="2024-07-15T11:52:14 IST" skipped="0">
  <testcase classname="DataProvider.ReadExcel" name="receiver" time="7.289"/>
  <testcase classname="DataProvider.ReadExcel" name="receiver" time="7.374"/>
</testsuite> <!-- DataProvider.ReadExcel -->
