<?xml version="1.0" encoding="UTF-8"?>
<!-- Generated by org.testng.reporters.JUnitReportReporter -->
<testsuite hostname="LAPTOP-ED9F7FOL" failures="0" tests="2" name="ExtentReport.SkipStatus" time="1.011" errors="1" timestamp="2024-07-29T12:19:34 IST" skipped="1">
  <testcase classname="ExtentReport.SkipStatus" name="deleteAccount" time="0.000">
    <skipped/>
  </testcase> <!-- deleteAccount -->
  <testcase classname="ExtentReport.SkipStatus" name="createAccount" time="1.011">
    <error message="Method ExtentReport.SkipStatus.createAccount() didn&#039;t finish within the time-out 1000" type="org.testng.internal.thread.ThreadTimeoutException">
      <![CDATA[org.testng.internal.thread.ThreadTimeoutException: Method ExtentReport.SkipStatus.createAccount() didn't finish within the time-out 1000
at java.base/java.util.zip.Inflater.inflateBytesBytes(Native Method)
at java.base/java.util.zip.Inflater.inflate(Inflater.java:376)
at java.base/java.util.zip.InflaterInputStream.read(InflaterInputStream.java:177)
at java.base/jdk.internal.loader.Resource.getBytes(Resource.java:126)
at java.base/jdk.internal.loader.URLClassPath$JarLoader$2.getBytes(URLClassPath.java:862)
at java.base/jdk.internal.loader.BuiltinClassLoader.defineClass(BuiltinClassLoader.java:859)
at java.base/jdk.internal.loader.BuiltinClassLoader.findClassOnClassPathOrNull(BuiltinClassLoader.java:760)
at java.base/jdk.internal.loader.BuiltinClassLoader.loadClassOrNull(BuiltinClassLoader.java:681)
at java.base/jdk.internal.loader.BuiltinClassLoader.loadClass(BuiltinClassLoader.java:639)
at java.base/jdk.internal.loader.ClassLoaders$AppClassLoader.loadClass(ClassLoaders.java:188)
at java.base/java.lang.ClassLoader.loadClass(ClassLoader.java:526)
at io.netty.buffer.ByteBufUtil.<clinit>(ByteBufUtil.java:88)
at io.netty.buffer.ByteBufAllocator.<clinit>(ByteBufAllocator.java:24)
at org.asynchttpclient.netty.channel.ChannelManager.newBootstrap(ChannelManager.java:163)
at org.asynchttpclient.netty.channel.ChannelManager.<init>(ChannelManager.java:149)
at org.asynchttpclient.DefaultAsyncHttpClient.<init>(DefaultAsyncHttpClient.java:92)
at org.asynchttpclient.Dsl.asyncHttpClient(Dsl.java:32)
at org.openqa.selenium.remote.http.netty.NettyClient.createHttpClient(NettyClient.java:91)
at org.openqa.selenium.remote.http.netty.NettyClient.<clinit>(NettyClient.java:43)
at org.openqa.selenium.remote.http.netty.NettyClient$Factory.createClient(NettyClient.java:124)
at org.openqa.selenium.remote.HttpCommandExecutor.<init>(HttpCommandExecutor.java:115)
at org.openqa.selenium.remote.HttpCommandExecutor.<init>(HttpCommandExecutor.java:92)
at org.openqa.selenium.remote.service.DriverCommandExecutor.<init>(DriverCommandExecutor.java:89)
at org.openqa.selenium.chromium.ChromiumDriverCommandExecutor.<init>(ChromiumDriverCommandExecutor.java:43)
at org.openqa.selenium.chrome.ChromeDriver$ChromeDriverCommandExecutor.<init>(ChromeDriver.java:115)
at org.openqa.selenium.chrome.ChromeDriver.generateExecutor(ChromeDriver.java:105)
at org.openqa.selenium.chrome.ChromeDriver.<init>(ChromeDriver.java:88)
at org.openqa.selenium.chrome.ChromeDriver.<init>(ChromeDriver.java:83)
at org.openqa.selenium.chrome.ChromeDriver.<init>(ChromeDriver.java:51)
at ExtentReport.SkipStatus.createAccount(SkipStatus.java:13)
at java.base/jdk.internal.reflect.DirectMethodHandleAccessor.invoke(DirectMethodHandleAccessor.java:103)
at java.base/java.lang.reflect.Method.invoke(Method.java:580)
at org.testng.internal.invokers.MethodInvocationHelper.invokeMethod(MethodInvocationHelper.java:139)
at org.testng.internal.invokers.InvokeMethodRunnable.runOne(InvokeMethodRunnable.java:47)
at org.testng.internal.invokers.InvokeMethodRunnable.call(InvokeMethodRunnable.java:76)
at org.testng.internal.invokers.InvokeMethodRunnable.call(InvokeMethodRunnable.java:11)
at java.base/java.util.concurrent.FutureTask.run(FutureTask.java:317)
at java.base/java.util.concurrent.ThreadPoolExecutor.runWorker(ThreadPoolExecutor.java:1144)
at java.base/java.util.concurrent.ThreadPoolExecutor$Worker.run(ThreadPoolExecutor.java:642)
at java.base/java.lang.Thread.run(Thread.java:1583)
]]>
    </error>
  </testcase> <!-- createAccount -->
</testsuite> <!-- ExtentReport.SkipStatus -->
