<?xml version="1.0" encoding="UTF-8"?>
<!-- Generated by org.testng.reporters.JUnitReportReporter -->
<testsuite hostname="LAPTOP-ED9F7FOL" failures="0" tests="1" name="TestingBasic.Launch" time="0.010" errors="0" timestamp="2024-07-08T11:26:47 IST" skipped="0">
  <testcase classname="TestingBasic.Launch" name="main" time="0.010"/>
</testsuite> <!-- TestingBasic.Launch -->
