<?xml version="1.0" encoding="UTF-8"?>
<!-- Generated by org.testng.reporters.JUnitReportReporter -->
<testsuite hostname="LAPTOP-ED9F7FOL" failures="0" tests="1" name="Basic.StartTestNg" time="5.222" errors="0" timestamp="2024-07-07T11:46:34 IST" skipped="0">
  <testcase classname="Basic.StartTestNg" name="launch" time="5.222"/>
</testsuite> <!-- Basic.StartTestNg -->
