<?xml version="1.0" encoding="UTF-8"?>
<!-- Generated by org.testng.reporters.JUnitReportReporter -->
<testsuite hostname="LAPTOP-ED9F7FOL" failures="0" tests="2" name="DataProvider.StoreData" time="0.010" errors="0" timestamp="2024-07-15T10:55:48 IST" skipped="0">
  <testcase classname="DataProvider.StoreData" name="receiver" time="0.003"/>
  <testcase classname="DataProvider.StoreData" name="receiver" time="0.007"/>
</testsuite> <!-- DataProvider.StoreData -->
